\BOOKMARK [0][-]{chapter.4}{Introducci\363n}{}% 1
\BOOKMARK [1][-]{section.5}{Presentaci\363n del documento}{chapter.4}% 2
\BOOKMARK [0][-]{chapter.6}{Objetivos del proyecto}{}% 3
\BOOKMARK [1][-]{section.7}{Alboan}{chapter.6}% 4
\BOOKMARK [0][-]{chapter.13}{Situaci\363n de partida}{}% 5
\BOOKMARK [1][-]{section.14}{Necesidades}{chapter.13}% 6
\BOOKMARK [1][-]{section.17}{Objetivos}{chapter.13}% 7
\BOOKMARK [1][-]{section.18}{Requerimientos}{chapter.13}% 8
\BOOKMARK [1][-]{section.19}{Estado del arte}{chapter.13}% 9
\BOOKMARK [0][-]{chapter.25}{Definici\363n del proyecto}{}% 10
\BOOKMARK [1][-]{section.26}{Descripci\363n del producto}{chapter.25}% 11
\BOOKMARK [1][-]{section.34}{Descripci\363n de la realizaci\363n}{chapter.25}% 12
\BOOKMARK [1][-]{section.63}{Productos intermedios}{chapter.25}% 13
\BOOKMARK [0][-]{chapter.64}{Condiciones de ejecuci\363n}{}% 14
\BOOKMARK [1][-]{section.65}{Instalaciones}{chapter.64}% 15
\BOOKMARK [1][-]{section.72}{Equipo de proyecto}{chapter.64}% 16
\BOOKMARK [0][-]{chapter.78}{Planificaci\363n}{}% 17
\BOOKMARK [1][-]{section.79}{Presupuesto}{chapter.78}% 18
\BOOKMARK [1][-]{section.82}{Planificaci\363n del proyecto}{chapter.78}% 19
\BOOKMARK [1][-]{section.84}{Justificaci\363n financiera}{chapter.78}% 20
\BOOKMARK [0][-]{chapter.85}{Especificaci\363n de requisitos}{}% 21
\BOOKMARK [1][-]{section.86}{Visi\363n general}{chapter.85}% 22
\BOOKMARK [1][-]{section.87}{Especificaci\363n de requisitos del servidor Node.js}{chapter.85}% 23
\BOOKMARK [1][-]{section.88}{Especificaci\363n de requisitos de la p\341gina web}{chapter.85}% 24
\BOOKMARK [1][-]{section.89}{Especificaci\363n de requisitos de la base de datos}{chapter.85}% 25
\BOOKMARK [1][-]{section.90}{Especificaci\363n de requisitos del sistema de visualizaci\363n}{chapter.85}% 26
\BOOKMARK [0][-]{section.90}{Bibliograf\355a}{}% 27
